client-student/build/outputs/logs/manifest-merger-debug-report.txt
-- Merging decision tree log ---
provider#android.support.v4.content.FileProvider
INJECTED from src\main\AndroidManifest.xml:105:9-115:20
	android:grantUriPermissions
		ADDED from src\main\AndroidManifest.xml:109:13-47
	android:authorities
		INJECTED from src\main\AndroidManifest.xml
		ADDED from src\main\AndroidManifest.xml:107:13-64
	android:exported
		ADDED from src\main\AndroidManifest.xml:108:13-37
	tools:replace
		ADDED from src\main\AndroidManifest.xml:110:13-74
	android:name
		ADDED from src\main\AndroidManifest.xml:106:13-67
manifest
ADDED from src\main\AndroidManifest.xml:2:1-118:12
INJECTED from src\main\AndroidManifest.xml:2:1-118:12
INJECTED from src\main\AndroidManifest.xml:2:1-118:12
INJECTED from src\main\AndroidManifest.xml:2:1-118:12
MERGED from [com.github.littlejigege:suger:v0.0.8.7] AndroidManifest.xml:2:1-11:12
MERGED from [com.android.support:design:28.0.0] AndroidManifest.xml:17:1-24:12
MERGED from [com.airbnb.android:lottie:2.7.0] AndroidManifest.xml:2:1-13:12
MERGED from [com.android.support:appcompat-v7:28.0.0] AndroidManifest.xml:17:1-22:12
MERGED from [com.android.support:recyclerview-v7:28.0.0] AndroidManifest.xml:17:1-22:12
MERGED from [com.android.support:cardview-v7:28.0.0] AndroidManifest.xml:17:1-22:12
MERGED from [com.jakewharton:butterknife:8.5.1] AndroidManifest.xml:2:1-7:12
MERGED from [io.reactivex:rxandroid:1.0.1] AndroidManifest.xml:15:1-21:12
MERGED from [de.hdodenhof:circleimageview:2.0.0] AndroidManifest.xml:2:1-11:12
MERGED from [com.victor:lib:1.0.4] AndroidManifest.xml:2:1-16:12
MERGED from [jp.wasabeef:glide-transformations:2.0.1] AndroidManifest.xml:2:1-12:12
MERGED from [com.android.support:support-v4:28.0.0] AndroidManifest.xml:17:1-22:12
MERGED from [com.android.support.constraint:constraint-layout:1.0.2] AndroidManifest.xml:2:1-11:12
MERGED from [com.android.support:multidex:1.0.3] AndroidManifest.xml:17:1-22:12
MERGED from [com.tencent.bugly:crashreport_upgrade:1.3.6] AndroidManifest.xml:2:1-46:12
MERGED from [com.tencent.tinker:tinker-android-lib:1.9.9] AndroidManifest.xml:2:1-39:12
MERGED from [com.tencent.bugly:nativecrashreport:3.7.471] AndroidManifest.xml:2:1-9:12
MERGED from [com.scwang.smartrefresh:SmartRefreshLayout:1.1.0-alpha-14] AndroidManifest.xml:2:1-17:12
MERGED from [android.arch.lifecycle:extensions:1.1.1] AndroidManifest.xml:17:1-30:12
MERGED from [com.github.CymChad:BaseRecyclerViewAdapterHelper:2.9.30] AndroidManifest.xml:2:1-11:12
MERGED from [com.android.support:support-fragment:28.0.0] AndroidManifest.xml:17:1-22:12
MERGED from [com.android.support:animated-vector-drawable:28.0.0] AndroidManifest.xml:17:1-22:12
MERGED from [com.android.support:support-core-ui:28.0.0] AndroidManifest.xml:17:1-22:12
MERGED from [com.android.support:support-core-utils:28.0.0] AndroidManifest.xml:17:1-22:12
MERGED from [com.android.support:support-vector-drawable:28.0.0] AndroidManifest.xml:17:1-22:12
MERGED from [com.android.support:transition:28.0.0] AndroidManifest.xml:17:1-22:12
MERGED from [com.android.support:support-media-compat:28.0.0] AndroidManifest.xml:17:1-22:12
MERGED from [com.android.support:loader:28.0.0] AndroidManifest.xml:17:1-22:12
MERGED from [com.android.support:viewpager:28.0.0] AndroidManifest.xml:17:1-22:12
MERGED from [com.android.support:coordinatorlayout:28.0.0] AndroidManifest.xml:17:1-22:12
MERGED from [com.android.support:drawerlayout:28.0.0] AndroidManifest.xml:17:1-22:12
MERGED from [com.android.support:slidingpanelayout:28.0.0] AndroidManifest.xml:17:1-22:12
MERGED from [com.android.support:customview:28.0.0] AndroidManifest.xml:17:1-22:12
MERGED from [com.android.support:swiperefreshlayout:28.0.0] AndroidManifest.xml:17:1-22:12
MERGED from [com.android.support:asynclayoutinflater:28.0.0] AndroidManifest.xml:17:1-22:12
MERGED from [com.android.support:support-compat:28.0.0] AndroidManifest.xml:17:1-24:12
MERGED from [com.android.support:versionedparcelable:28.0.0] AndroidManifest.xml:17:1-25:12
MERGED from [com.android.support:cursoradapter:28.0.0] AndroidManifest.xml:17:1-22:12
MERGED from [com.tencent.tinker:tinker-android-loader:1.9.9] AndroidManifest.xml:2:1-161:12
MERGED from [android.arch.lifecycle:runtime:1.1.1] AndroidManifest.xml:17:1-22:12
MERGED from [android.arch.lifecycle:livedata:1.1.1] AndroidManifest.xml:17:1-22:12
MERGED from [android.arch.lifecycle:livedata-core:1.1.1] AndroidManifest.xml:17:1-22:12
MERGED from [android.arch.core:runtime:1.1.1] AndroidManifest.xml:17:1-22:12
MERGED from [android.arch.lifecycle:viewmodel:1.1.1] AndroidManifest.xml:17:1-22:12
MERGED from [com.android.support:documentfile:28.0.0] AndroidManifest.xml:17:1-22:12
MERGED from [com.android.support:localbroadcastmanager:28.0.0] AndroidManifest.xml:17:1-22:12
MERGED from [com.android.support:print:28.0.0] AndroidManifest.xml:17:1-22:12
MERGED from [com.android.support:interpolator:28.0.0] AndroidManifest.xml:17:1-22:12
INJECTED from src\main\AndroidManifest.xml:2:1-118:12
INJECTED from src\main\AndroidManifest.xml:2:1-118:12
INJECTED from src\main\AndroidManifest.xml:2:1-118:12
	package
		ADDED from src\main\AndroidManifest.xml:4:5-36
		INJECTED from src\main\AndroidManifest.xml
		INJECTED from src\main\AndroidManifest.xml
	android:versionName
		INJECTED from src\main\AndroidManifest.xml
		ADDED from src\main\AndroidManifest.xml:2:1-118:12
		INJECTED from src\main\AndroidManifest.xml
	xmlns:tools
		ADDED from src\main\AndroidManifest.xml:3:5-51
	xmlns:android
		ADDED from src\main\AndroidManifest.xml:2:11-69
	android:versionCode
		ADDED from src\main\AndroidManifest.xml:5:5-28
		INJECTED from src\main\AndroidManifest.xml
		INJECTED from src\main\AndroidManifest.xml
uses-permission#android.permission.INTERNET
ADDED from src\main\AndroidManifest.xml:7:5-67
MERGED from [com.tencent.bugly:crashreport_upgrade:1.3.6] AndroidManifest.xml:12:5-67
MERGED from [com.tencent.bugly:crashreport_upgrade:1.3.6] AndroidManifest.xml:12:5-67
	android:name
		ADDED from src\main\AndroidManifest.xml:7:22-64
uses-permission#android.permission.ACCESS_NETWORK_STATE
ADDED from src\main\AndroidManifest.xml:8:5-79
MERGED from [com.tencent.bugly:crashreport_upgrade:1.3.6] AndroidManifest.xml:13:5-79
MERGED from [com.tencent.bugly:crashreport_upgrade:1.3.6] AndroidManifest.xml:13:5-79
	android:name
		ADDED from src\main\AndroidManifest.xml:8:22-76
uses-permission#android.permission.WRITE_EXTERNAL_STORAGE
ADDED from src\main\AndroidManifest.xml:9:5-81
MERGED from [com.tencent.bugly:crashreport_upgrade:1.3.6] AndroidManifest.xml:16:5-81
MERGED from [com.tencent.bugly:crashreport_upgrade:1.3.6] AndroidManifest.xml:16:5-81
	android:name
		ADDED from src\main\AndroidManifest.xml:9:22-78
uses-permission#android.permission.READ_EXTERNAL_STORAGE
ADDED from src\main\AndroidManifest.xml:10:5-80
	android:name
		ADDED from src\main\AndroidManifest.xml:10:22-77
uses-permission#android.permission.MOUNT_UNMOUNT_FILESYSTEMS
ADDED from src\main\AndroidManifest.xml:11:5-84
	android:name
		ADDED from src\main\AndroidManifest.xml:11:22-81
uses-permission#android.permission.READ_PHONE_STATE
ADDED from src\main\AndroidManifest.xml:12:5-75
MERGED from [com.tencent.bugly:crashreport_upgrade:1.3.6] AndroidManifest.xml:11:5-75
MERGED from [com.tencent.bugly:crashreport_upgrade:1.3.6] AndroidManifest.xml:11:5-75
	android:name
		ADDED from src\main\AndroidManifest.xml:12:22-72
uses-permission#android.permission.ACCESS_WIFI_STATE
ADDED from src\main\AndroidManifest.xml:13:5-76
MERGED from [com.tencent.bugly:crashreport_upgrade:1.3.6] AndroidManifest.xml:14:5-76
MERGED from [com.tencent.bugly:crashreport_upgrade:1.3.6] AndroidManifest.xml:14:5-76
	android:name
		ADDED from src\main\AndroidManifest.xml:13:22-73
uses-permission#android.permission.READ_LOGS
ADDED from src\main\AndroidManifest.xml:14:5-68
MERGED from [com.tencent.bugly:crashreport_upgrade:1.3.6] AndroidManifest.xml:15:5-68
MERGED from [com.tencent.bugly:crashreport_upgrade:1.3.6] AndroidManifest.xml:15:5-68
	android:name
		ADDED from src\main\AndroidManifest.xml:14:22-65
uses-permission#android.permission.REQUEST_INSTALL_PACKAGES
ADDED from src\main\AndroidManifest.xml:15:5-83
MERGED from [com.tencent.bugly:crashreport_upgrade:1.3.6] AndroidManifest.xml:17:5-83
MERGED from [com.tencent.bugly:crashreport_upgrade:1.3.6] AndroidManifest.xml:17:5-83
	android:name
		ADDED from src\main\AndroidManifest.xml:15:22-80
application
ADDED from src\main\AndroidManifest.xml:17:5-116:19
MERGED from [com.android.support:design:28.0.0] AndroidManifest.xml:22:5-20
MERGED from [com.android.support:design:28.0.0] AndroidManifest.xml:22:5-20
MERGED from [com.airbnb.android:lottie:2.7.0] AndroidManifest.xml:11:5-20
MERGED from [com.airbnb.android:lottie:2.7.0] AndroidManifest.xml:11:5-20
MERGED from [de.hdodenhof:circleimageview:2.0.0] AndroidManifest.xml:9:5-20
MERGED from [de.hdodenhof:circleimageview:2.0.0] AndroidManifest.xml:9:5-20
MERGED from [com.victor:lib:1.0.4] AndroidManifest.xml:11:5-14:19
MERGED from [com.victor:lib:1.0.4] AndroidManifest.xml:11:5-14:19
MERGED from [com.android.support.constraint:constraint-layout:1.0.2] AndroidManifest.xml:9:5-20
MERGED from [com.android.support.constraint:constraint-layout:1.0.2] AndroidManifest.xml:9:5-20
MERGED from [com.tencent.bugly:crashreport_upgrade:1.3.6] AndroidManifest.xml:20:5-44:19
MERGED from [com.tencent.bugly:crashreport_upgrade:1.3.6] AndroidManifest.xml:20:5-44:19
MERGED from [com.tencent.tinker:tinker-android-lib:1.9.9] AndroidManifest.xml:9:5-37:19
MERGED from [com.tencent.tinker:tinker-android-lib:1.9.9] AndroidManifest.xml:9:5-37:19
MERGED from [com.scwang.smartrefresh:SmartRefreshLayout:1.1.0-alpha-14] AndroidManifest.xml:11:5-15:19
MERGED from [com.scwang.smartrefresh:SmartRefreshLayout:1.1.0-alpha-14] AndroidManifest.xml:11:5-15:19
MERGED from [android.arch.lifecycle:extensions:1.1.1] AndroidManifest.xml:22:5-28:19
MERGED from [android.arch.lifecycle:extensions:1.1.1] AndroidManifest.xml:22:5-28:19
MERGED from [com.android.support:support-compat:28.0.0] AndroidManifest.xml:22:5-94
MERGED from [com.android.support:support-compat:28.0.0] AndroidManifest.xml:22:5-94
MERGED from [com.android.support:versionedparcelable:28.0.0] AndroidManifest.xml:22:5-23:19
MERGED from [com.android.support:versionedparcelable:28.0.0] AndroidManifest.xml:22:5-23:19
MERGED from [com.tencent.tinker:tinker-android-loader:1.9.9] AndroidManifest.xml:9:5-159:19
MERGED from [com.tencent.tinker:tinker-android-loader:1.9.9] AndroidManifest.xml:9:5-159:19
	android:appComponentFactory
		ADDED from [com.android.support:support-compat:28.0.0] AndroidManifest.xml:22:18-91
	android:supportsRtl
		ADDED from src\main\AndroidManifest.xml:24:9-35
	android:label
		ADDED from src\main\AndroidManifest.xml:21:9-41
	tools:ignore
		ADDED from src\main\AndroidManifest.xml:26:9-48
	android:roundIcon
		ADDED from src\main\AndroidManifest.xml:23:9-54
	tools:targetApi
		ADDED from src\main\AndroidManifest.xml:27:9-28
	android:icon
		ADDED from src\main\AndroidManifest.xml:20:9-43
	android:allowBackup
		ADDED from src\main\AndroidManifest.xml:19:9-35
	android:theme
		ADDED from src\main\AndroidManifest.xml:25:9-45
	android:networkSecurityConfig
		ADDED from src\main\AndroidManifest.xml:22:9-60
	android:name
		ADDED from src\main\AndroidManifest.xml:18:9-49
activity#com.qgstudio.anyworkc.records.RecordsActivity
ADDED from src\main\AndroidManifest.xml:28:9-30:15
	android:screenOrientation
		ADDED from src\main\AndroidManifest.xml:29:17-53
	android:name
		ADDED from src\main\AndroidManifest.xml:28:19-79
meta-data#android.max_aspect
ADDED from src\main\AndroidManifest.xml:32:9-34:35
	android:value
		ADDED from src\main\AndroidManifest.xml:34:13-32
	android:name
		ADDED from src\main\AndroidManifest.xml:33:13-46
activity#com.qgstudio.anyworkc.main.StatusActivity
ADDED from src\main\AndroidManifest.xml:42:9-56
	android:name
		ADDED from src\main\AndroidManifest.xml:42:19-54
activity#com.qgstudio.anyworkc.enter.EnterActivity
ADDED from src\main\AndroidManifest.xml:43:9-45:15
	android:screenOrientation
		ADDED from src\main\AndroidManifest.xml:44:13-49
	android:name
		ADDED from src\main\AndroidManifest.xml:43:19-75
activity#com.qgstudio.anyworkc.StartActivity
ADDED from src\main\AndroidManifest.xml:46:9-54:20
	android:screenOrientation
		ADDED from src\main\AndroidManifest.xml:47:13-49
	android:name
		ADDED from src\main\AndroidManifest.xml:46:19-69
intent-filter#action:name:android.intent.action.MAIN+category:name:android.intent.category.LAUNCHER
ADDED from src\main\AndroidManifest.xml:49:13-53:29
action#android.intent.action.MAIN
ADDED from src\main\AndroidManifest.xml:50:17-69
	android:name
		ADDED from src\main\AndroidManifest.xml:50:25-66
category#android.intent.category.LAUNCHER
ADDED from src\main\AndroidManifest.xml:52:17-77
	android:name
		ADDED from src\main\AndroidManifest.xml:52:27-74
activity#com.qgstudio.anyworkc.grade.GradeActivity
ADDED from src\main\AndroidManifest.xml:55:9-56:51
	android:screenOrientation
		ADDED from src\main\AndroidManifest.xml:56:13-49
	android:name
		ADDED from src\main\AndroidManifest.xml:55:19-75
activity#com.qgstudio.anyworkc.main.HomeActivity
ADDED from src\main\AndroidManifest.xml:57:9-58:51
	android:screenOrientation
		ADDED from src\main\AndroidManifest.xml:58:13-49
	android:name
		ADDED from src\main\AndroidManifest.xml:57:19-73
activity#com.qgstudio.anyworkc.exam.ExamActivity
ADDED from src\main\AndroidManifest.xml:59:9-60:51
	android:screenOrientation
		ADDED from src\main\AndroidManifest.xml:60:13-49
	android:name
		ADDED from src\main\AndroidManifest.xml:59:19-73
activity#com.qgstudio.anyworkc.paper.PaperActivity
ADDED from src\main\AndroidManifest.xml:61:9-62:51
	android:screenOrientation
		ADDED from src\main\AndroidManifest.xml:62:13-49
	android:name
		ADDED from src\main\AndroidManifest.xml:61:19-75
activity#com.qgstudio.anyworkc.user.UserActivity
ADDED from src\main\AndroidManifest.xml:63:9-64:51
	android:screenOrientation
		ADDED from src\main\AndroidManifest.xml:64:13-49
	android:name
		ADDED from src\main\AndroidManifest.xml:63:19-73
activity#com.qgstudio.anyworkc.main.SearchingActivity
ADDED from src\main\AndroidManifest.xml:65:9-66:51
	android:screenOrientation
		ADDED from src\main\AndroidManifest.xml:66:13-49
	android:name
		ADDED from src\main\AndroidManifest.xml:65:19-78
activity#com.qgstudio.anyworkc.feedback.FeedbackActivity
ADDED from src\main\AndroidManifest.xml:67:9-68:51
	android:screenOrientation
		ADDED from src\main\AndroidManifest.xml:68:13-49
	android:name
		ADDED from src\main\AndroidManifest.xml:67:19-81
activity#com.qgstudio.anyworkc.main.NewOrganizationActivity
ADDED from src\main\AndroidManifest.xml:69:9-70:51
	android:screenOrientation
		ADDED from src\main\AndroidManifest.xml:70:13-49
	android:name
		ADDED from src\main\AndroidManifest.xml:69:19-84
activity#com.qgstudio.anyworkc.user.ChangePasswordActivity
ADDED from src\main\AndroidManifest.xml:71:9-72:51
	android:screenOrientation
		ADDED from src\main\AndroidManifest.xml:72:13-49
	android:name
		ADDED from src\main\AndroidManifest.xml:71:19-83
activity#com.qgstudio.anyworkc.user.ChangeInfoActivity
ADDED from src\main\AndroidManifest.xml:73:9-74:51
	android:screenOrientation
		ADDED from src\main\AndroidManifest.xml:74:13-49
	android:name
		ADDED from src\main\AndroidManifest.xml:73:19-79
receiver#com.qgstudio.anyworkc.common.NetworkStatusReceiver
ADDED from src\main\AndroidManifest.xml:76:9-81:20
	android:screenOrientation
		ADDED from src\main\AndroidManifest.xml:77:13-49
	android:name
		ADDED from src\main\AndroidManifest.xml:76:19-84
intent-filter#action:name:android.net.conn.CONNECTIVITY_CHANGE
ADDED from src\main\AndroidManifest.xml:78:13-80:29
action#android.net.conn.CONNECTIVITY_CHANGE
ADDED from src\main\AndroidManifest.xml:79:17-79
	android:name
		ADDED from src\main\AndroidManifest.xml:79:25-76
activity#com.qgstudio.anyworkc.notice.NoticeActivity
ADDED from src\main\AndroidManifest.xml:83:9-84:51
	android:screenOrientation
		ADDED from src\main\AndroidManifest.xml:84:13-49
	android:name
		ADDED from src\main\AndroidManifest.xml:83:19-77
service#com.qgstudio.anyworkc.user.AppService
ADDED from src\main\AndroidManifest.xml:86:9-90:41
	android:process
		ADDED from src\main\AndroidManifest.xml:90:13-38
	android:enabled
		ADDED from src\main\AndroidManifest.xml:88:13-35
	android:exported
		ADDED from src\main\AndroidManifest.xml:89:13-36
	android:name
		ADDED from src\main\AndroidManifest.xml:87:13-65
activity#com.qgstudio.anyworkc.workout.WorkoutContainerActivity
ADDED from src\main\AndroidManifest.xml:92:9-93:51
	android:screenOrientation
		ADDED from src\main\AndroidManifest.xml:93:13-49
	android:name
		ADDED from src\main\AndroidManifest.xml:92:19-88
activity#com.qgstudio.anyworkc.search.SearchActivity
ADDED from src\main\AndroidManifest.xml:94:9-95:51
	android:screenOrientation
		ADDED from src\main\AndroidManifest.xml:95:13-49
	android:name
		ADDED from src\main\AndroidManifest.xml:94:19-77
activity#com.qgstudio.anyworkc.collection.CollectionActivity
ADDED from src\main\AndroidManifest.xml:96:9-97:51
	android:screenOrientation
		ADDED from src\main\AndroidManifest.xml:97:13-49
	android:name
		ADDED from src\main\AndroidManifest.xml:96:19-85
activity#com.tencent.bugly.beta.ui.BetaActivity
ADDED from src\main\AndroidManifest.xml:99:9-103:15
MERGED from [com.tencent.bugly:crashreport_upgrade:1.3.6] AndroidManifest.xml:23:9-27:56
MERGED from [com.tencent.bugly:crashreport_upgrade:1.3.6] AndroidManifest.xml:23:9-27:56
	android:configChanges
		ADDED from src\main\AndroidManifest.xml:101:13-81
	android:theme
		ADDED from src\main\AndroidManifest.xml:102:13-61
	tools:replace
		ADDED from [com.tencent.bugly:crashreport_upgrade:1.3.6] AndroidManifest.xml:27:13-53
	android:name
		ADDED from src\main\AndroidManifest.xml:100:13-66
uses-sdk
INJECTED from src\main\AndroidManifest.xml reason: use-sdk injection requested
INJECTED from src\main\AndroidManifest.xml
INJECTED from src\main\AndroidManifest.xml
MERGED from [com.github.littlejigege:suger:v0.0.8.7] AndroidManifest.xml:7:5-9:41
MERGED from [com.github.littlejigege:suger:v0.0.8.7] AndroidManifest.xml:7:5-9:41
MERGED from [com.android.support:design:28.0.0] AndroidManifest.xml:20:5-44
MERGED from [com.android.support:design:28.0.0] AndroidManifest.xml:20:5-44
MERGED from [com.airbnb.android:lottie:2.7.0] AndroidManifest.xml:7:5-9:41
MERGED from [com.airbnb.android:lottie:2.7.0] AndroidManifest.xml:7:5-9:41
MERGED from [com.android.support:appcompat-v7:28.0.0] AndroidManifest.xml:20:5-44
MERGED from [com.android.support:appcompat-v7:28.0.0] AndroidManifest.xml:20:5-44
MERGED from [com.android.support:recyclerview-v7:28.0.0] AndroidManifest.xml:20:5-44
MERGED from [com.android.support:recyclerview-v7:28.0.0] AndroidManifest.xml:20:5-44
MERGED from [com.android.support:cardview-v7:28.0.0] AndroidManifest.xml:20:5-44
MERGED from [com.android.support:cardview-v7:28.0.0] AndroidManifest.xml:20:5-44
MERGED from [com.jakewharton:butterknife:8.5.1] AndroidManifest.xml:5:5-43
MERGED from [com.jakewharton:butterknife:8.5.1] AndroidManifest.xml:5:5-43
MERGED from [io.reactivex:rxandroid:1.0.1] AndroidManifest.xml:19:5-43
MERGED from [io.reactivex:rxandroid:1.0.1] AndroidManifest.xml:19:5-43
MERGED from [de.hdodenhof:circleimageview:2.0.0] AndroidManifest.xml:5:5-7:41
MERGED from [de.hdodenhof:circleimageview:2.0.0] AndroidManifest.xml:5:5-7:41
MERGED from [com.victor:lib:1.0.4] AndroidManifest.xml:7:5-9:41
MERGED from [com.victor:lib:1.0.4] AndroidManifest.xml:7:5-9:41
MERGED from [jp.wasabeef:glide-transformations:2.0.1] AndroidManifest.xml:8:5-10:41
MERGED from [jp.wasabeef:glide-transformations:2.0.1] AndroidManifest.xml:8:5-10:41
MERGED from [com.android.support:support-v4:28.0.0] AndroidManifest.xml:20:5-44
MERGED from [com.android.support:support-v4:28.0.0] AndroidManifest.xml:20:5-44
MERGED from [com.android.support.constraint:constraint-layout:1.0.2] AndroidManifest.xml:5:5-7:41
MERGED from [com.android.support.constraint:constraint-layout:1.0.2] AndroidManifest.xml:5:5-7:41
MERGED from [com.android.support:multidex:1.0.3] AndroidManifest.xml:20:5-43
MERGED from [com.android.support:multidex:1.0.3] AndroidManifest.xml:20:5-43
MERGED from [com.tencent.bugly:crashreport_upgrade:1.3.6] AndroidManifest.xml:6:5-8:41
MERGED from [com.tencent.bugly:crashreport_upgrade:1.3.6] AndroidManifest.xml:6:5-8:41
MERGED from [com.tencent.tinker:tinker-android-lib:1.9.9] AndroidManifest.xml:5:5-7:41
MERGED from [com.tencent.tinker:tinker-android-lib:1.9.9] AndroidManifest.xml:5:5-7:41
MERGED from [com.tencent.bugly:nativecrashreport:3.7.471] AndroidManifest.xml:5:5-7:41
MERGED from [com.tencent.bugly:nativecrashreport:3.7.471] AndroidManifest.xml:5:5-7:41
MERGED from [com.scwang.smartrefresh:SmartRefreshLayout:1.1.0-alpha-14] AndroidManifest.xml:7:5-9:41
MERGED from [com.scwang.smartrefresh:SmartRefreshLayout:1.1.0-alpha-14] AndroidManifest.xml:7:5-9:41
MERGED from [android.arch.lifecycle:extensions:1.1.1] AndroidManifest.xml:20:5-44
MERGED from [android.arch.lifecycle:extensions:1.1.1] AndroidManifest.xml:20:5-44
MERGED from [com.github.CymChad:BaseRecyclerViewAdapterHelper:2.9.30] AndroidManifest.xml:7:5-9:41
MERGED from [com.github.CymChad:BaseRecyclerViewAdapterHelper:2.9.30] AndroidManifest.xml:7:5-9:41
MERGED from [com.android.support:support-fragment:28.0.0] AndroidManifest.xml:20:5-44
MERGED from [com.android.support:support-fragment:28.0.0] AndroidManifest.xml:20:5-44
MERGED from [com.android.support:animated-vector-drawable:28.0.0] AndroidManifest.xml:20:5-44
MERGED from [com.android.support:animated-vector-drawable:28.0.0] AndroidManifest.xml:20:5-44
MERGED from [com.android.support:support-core-ui:28.0.0] AndroidManifest.xml:20:5-44
MERGED from [com.android.support:support-core-ui:28.0.0] AndroidManifest.xml:20:5-44
MERGED from [com.android.support:support-core-utils:28.0.0] AndroidManifest.xml:20:5-44
MERGED from [com.android.support:support-core-utils:28.0.0] AndroidManifest.xml:20:5-44
MERGED from [com.android.support:support-vector-drawable:28.0.0] AndroidManifest.xml:20:5-44
MERGED from [com.android.support:support-vector-drawable:28.0.0] AndroidManifest.xml:20:5-44
MERGED from [com.android.support:transition:28.0.0] AndroidManifest.xml:20:5-44
MERGED from [com.android.support:transition:28.0.0] AndroidManifest.xml:20:5-44
MERGED from [com.android.support:support-media-compat:28.0.0] AndroidManifest.xml:20:5-44
MERGED from [com.android.support:support-media-compat:28.0.0] AndroidManifest.xml:20:5-44
MERGED from [com.android.support:loader:28.0.0] AndroidManifest.xml:20:5-44
MERGED from [com.android.support:loader:28.0.0] AndroidManifest.xml:20:5-44
MERGED from [com.android.support:viewpager:28.0.0] AndroidManifest.xml:20:5-44
MERGED from [com.android.support:viewpager:28.0.0] AndroidManifest.xml:20:5-44
MERGED from [com.android.support:coordinatorlayout:28.0.0] AndroidManifest.xml:20:5-44
MERGED from [com.android.support:coordinatorlayout:28.0.0] AndroidManifest.xml:20:5-44
MERGED from [com.android.support:drawerlayout:28.0.0] AndroidManifest.xml:20:5-44
MERGED from [com.android.support:drawerlayout:28.0.0] AndroidManifest.xml:20:5-44
MERGED from [com.android.support:slidingpanelayout:28.0.0] AndroidManifest.xml:20:5-44
MERGED from [com.android.support:slidingpanelayout:28.0.0] AndroidManifest.xml:20:5-44
MERGED from [com.android.support:customview:28.0.0] AndroidManifest.xml:20:5-44
MERGED from [com.android.support:customview:28.0.0] AndroidManifest.xml:20:5-44
MERGED from [com.android.support:swiperefreshlayout:28.0.0] AndroidManifest.xml:20:5-44
MERGED from [com.android.support:swiperefreshlayout:28.0.0] AndroidManifest.xml:20:5-44
MERGED from [com.android.support:asynclayoutinflater:28.0.0] AndroidManifest.xml:20:5-44
MERGED from [com.android.support:asynclayoutinflater:28.0.0] AndroidManifest.xml:20:5-44
MERGED from [com.android.support:support-compat:28.0.0] AndroidManifest.xml:20:5-44
MERGED from [com.android.support:support-compat:28.0.0] AndroidManifest.xml:20:5-44
MERGED from [com.android.support:versionedparcelable:28.0.0] AndroidManifest.xml:20:5-44
MERGED from [com.android.support:versionedparcelable:28.0.0] AndroidManifest.xml:20:5-44
MERGED from [com.android.support:cursoradapter:28.0.0] AndroidManifest.xml:20:5-44
MERGED from [com.android.support:cursoradapter:28.0.0] AndroidManifest.xml:20:5-44
MERGED from [com.tencent.tinker:tinker-android-loader:1.9.9] AndroidManifest.xml:5:5-7:41
MERGED from [com.tencent.tinker:tinker-android-loader:1.9.9] AndroidManifest.xml:5:5-7:41
MERGED from [android.arch.lifecycle:runtime:1.1.1] AndroidManifest.xml:20:5-44
MERGED from [android.arch.lifecycle:runtime:1.1.1] AndroidManifest.xml:20:5-44
MERGED from [android.arch.lifecycle:livedata:1.1.1] AndroidManifest.xml:20:5-44
MERGED from [android.arch.lifecycle:livedata:1.1.1] AndroidManifest.xml:20:5-44
MERGED from [android.arch.lifecycle:livedata-core:1.1.1] AndroidManifest.xml:20:5-44
MERGED from [android.arch.lifecycle:livedata-core:1.1.1] AndroidManifest.xml:20:5-44
MERGED from [android.arch.core:runtime:1.1.1] AndroidManifest.xml:20:5-44
MERGED from [android.arch.core:runtime:1.1.1] AndroidManifest.xml:20:5-44
MERGED from [android.arch.lifecycle:viewmodel:1.1.1] AndroidManifest.xml:20:5-44
MERGED from [android.arch.lifecycle:viewmodel:1.1.1] AndroidManifest.xml:20:5-44
MERGED from [com.android.support:documentfile:28.0.0] AndroidManifest.xml:20:5-44
MERGED from [com.android.support:documentfile:28.0.0] AndroidManifest.xml:20:5-44
MERGED from [com.android.support:localbroadcastmanager:28.0.0] AndroidManifest.xml:20:5-44
MERGED from [com.android.support:localbroadcastmanager:28.0.0] AndroidManifest.xml:20:5-44
MERGED from [com.android.support:print:28.0.0] AndroidManifest.xml:20:5-44
MERGED from [com.android.support:print:28.0.0] AndroidManifest.xml:20:5-44
MERGED from [com.android.support:interpolator:28.0.0] AndroidManifest.xml:20:5-44
MERGED from [com.android.support:interpolator:28.0.0] AndroidManifest.xml:20:5-44
INJECTED from src\main\AndroidManifest.xml
INJECTED from src\main\AndroidManifest.xml
	android:targetSdkVersion
		INJECTED from src\main\AndroidManifest.xml
		ADDED from src\main\AndroidManifest.xml
		INJECTED from src\main\AndroidManifest.xml
	android:minSdkVersion
		INJECTED from src\main\AndroidManifest.xml
		ADDED from src\main\AndroidManifest.xml
		INJECTED from src\main\AndroidManifest.xml
meta-data#android.support.FILE_PROVIDER_PATHS
ADDED from src\main\AndroidManifest.xml:111:13-114:48
	android:resource
		ADDED from src\main\AndroidManifest.xml:113:17-55
	tools:replace
		ADDED from src\main\AndroidManifest.xml:114:17-46
	android:name
		ADDED from src\main\AndroidManifest.xml:112:17-67
provider#com.tencent.bugly.beta.utils.BuglyFileProvider
ADDED from [com.tencent.bugly:crashreport_upgrade:1.3.6] AndroidManifest.xml:29:9-39:20
	android:grantUriPermissions
		ADDED from [com.tencent.bugly:crashreport_upgrade:1.3.6] AndroidManifest.xml:33:13-47
	android:authorities
		ADDED from [com.tencent.bugly:crashreport_upgrade:1.3.6] AndroidManifest.xml:31:13-64
	android:exported
		ADDED from [com.tencent.bugly:crashreport_upgrade:1.3.6] AndroidManifest.xml:32:13-37
	tools:replace
		ADDED from [com.tencent.bugly:crashreport_upgrade:1.3.6] AndroidManifest.xml:34:13-74
	android:name
		ADDED from [com.tencent.bugly:crashreport_upgrade:1.3.6] AndroidManifest.xml:30:13-74
service#com.tencent.bugly.beta.tinker.TinkerResultService
ADDED from [com.tencent.bugly:crashreport_upgrade:1.3.6] AndroidManifest.xml:41:9-43:40
	android:exported
		ADDED from [com.tencent.bugly:crashreport_upgrade:1.3.6] AndroidManifest.xml:43:13-37
	android:name
		ADDED from [com.tencent.bugly:crashreport_upgrade:1.3.6] AndroidManifest.xml:42:13-77
service#com.tencent.tinker.lib.service.TinkerPatchService$IntentServiceRunner
ADDED from [com.tencent.tinker:tinker-android-lib:1.9.9] AndroidManifest.xml:19:9-22:40
	android:process
		ADDED from [com.tencent.tinker:tinker-android-lib:1.9.9] AndroidManifest.xml:22:13-37
	android:exported
		ADDED from [com.tencent.tinker:tinker-android-lib:1.9.9] AndroidManifest.xml:21:13-37
	android:name
		ADDED from [com.tencent.tinker:tinker-android-lib:1.9.9] AndroidManifest.xml:20:13-97
service#com.tencent.tinker.lib.service.TinkerPatchService$IntentServiceRunner$InnerService
ADDED from [com.tencent.tinker:tinker-android-lib:1.9.9] AndroidManifest.xml:23:9-26:40
	android:process
		ADDED from [com.tencent.tinker:tinker-android-lib:1.9.9] AndroidManifest.xml:26:13-37
	android:exported
		ADDED from [com.tencent.tinker:tinker-android-lib:1.9.9] AndroidManifest.xml:25:13-37
	android:name
		ADDED from [com.tencent.tinker:tinker-android-lib:1.9.9] AndroidManifest.xml:24:13-110
service#com.tencent.tinker.lib.service.TinkerPatchService$JobServiceRunner
ADDED from [com.tencent.tinker:tinker-android-lib:1.9.9] AndroidManifest.xml:27:9-31:40
	android:process
		ADDED from [com.tencent.tinker:tinker-android-lib:1.9.9] AndroidManifest.xml:31:13-37
	android:exported
		ADDED from [com.tencent.tinker:tinker-android-lib:1.9.9] AndroidManifest.xml:29:13-37
	android:permission
		ADDED from [com.tencent.tinker:tinker-android-lib:1.9.9] AndroidManifest.xml:30:13-69
	android:name
		ADDED from [com.tencent.tinker:tinker-android-lib:1.9.9] AndroidManifest.xml:28:13-94
service#com.tencent.tinker.lib.service.DefaultTinkerResultService
ADDED from [com.tencent.tinker:tinker-android-lib:1.9.9] AndroidManifest.xml:34:9-36:40
	android:exported
		ADDED from [com.tencent.tinker:tinker-android-lib:1.9.9] AndroidManifest.xml:36:13-37
	android:name
		ADDED from [com.tencent.tinker:tinker-android-lib:1.9.9] AndroidManifest.xml:35:13-85
provider#android.arch.lifecycle.ProcessLifecycleOwnerInitializer
ADDED from [android.arch.lifecycle:extensions:1.1.1] AndroidManifest.xml:23:9-27:43
	android:authorities
		ADDED from [android.arch.lifecycle:extensions:1.1.1] AndroidManifest.xml:25:13-68
	android:multiprocess
		ADDED from [android.arch.lifecycle:extensions:1.1.1] AndroidManifest.xml:27:13-40